<?xml version="1.0" encoding="UTF-8"?>
<!-- Generated by org.testng.reporters.JUnitReportReporter -->
<testsuite hostname="Tohidurs-Air" failures="0" tests="2" name="Selenium.ActionsPractice" time="24.931" errors="0" timestamp="2022-09-17T16:48:11 BST" skipped="0">
  <testcase classname="Selenium.ActionsPractice" name="testOne" time="13.799"/>
  <system-out/>
  <testcase classname="Selenium.ActionsPractice" name="testTwo" time="11.132"/>
  <system-out/>
</testsuite> <!-- Selenium.ActionsPractice -->
