<?xml version="1.0" encoding="UTF-8"?>
<!-- Generated by org.testng.reporters.JUnitReportReporter -->
<testsuite hostname="UNKNOWN" failures="0" tests="1" name="Selenium.BasicAuth" time="6.436" errors="0" timestamp="2022-10-22T12:56:32 BST" skipped="0">
  <testcase classname="Selenium.BasicAuth" name="basicAuthUsingUri" time="6.436"/>
  <system-out/>
</testsuite> <!-- Selenium.BasicAuth -->
