<?xml version="1.0" encoding="UTF-8"?>
<!-- Generated by org.testng.reporters.JUnitReportReporter -->
<testsuite hostname="Tohidurs-Air" failures="0" tests="1" name="Selenium.Calender" time="18.241" errors="0" timestamp="2022-09-18T16:38:34 BST" skipped="0">
  <testcase classname="Selenium.Calender" name="getCalender" time="18.241"/>
  <system-out/>
</testsuite> <!-- Selenium.Calender -->
