<?xml version="1.0" encoding="UTF-8"?>
<!-- Generated by org.testng.reporters.JUnitReportReporter -->
<testsuite hostname="Tohidurs-Air" failures="0" tests="1" name="Selenium.Hban" time="4.508" errors="0" timestamp="2022-08-18T22:29:54 BST" skipped="0">
  <testcase classname="Selenium.Hban" name="hban" time="4.508"/>
  <system-out/>
</testsuite> <!-- Selenium.Hban -->
